<?xml version="1.0" encoding="UTF-8"?>
<!-- Generated by org.testng.reporters.JUnitXMLReporter -->
<testsuite hostname="LAPTOP-U7EES6NV" ignored="0" name="personnel" tests="68" failures="3" timestamp="12 十二月 2018 06:59:41 GMT" time="126.816" errors="0">
  <testcase name="@AfterClass doAfterMethod" time="0.373" classname="com.webtest.core.BaseTest">
    <failure type="org.openqa.selenium.SessionNotCreatedException" message="Tried to run command without establishing a connection
Build info: version: &amp;apos;3.6.0&amp;apos;, revision: &amp;apos;6fbf3ec767&amp;apos;, time: &amp;apos;2017-09-27T16:15:40.131Z&amp;apos;
System info: host: &amp;apos;LAPTOP-U7EES6NV&amp;apos;, ip: &amp;apos;169.254.239.249&amp;apos;, os.name: &amp;apos;Windows 10&amp;apos;, os.arch: &amp;apos;amd64&amp;apos;, os.version: &amp;apos;10.0&amp;apos;, java.version: &amp;apos;1.8.0_191&amp;apos;
Driver info: org.openqa.selenium.firefox.FirefoxDriver
Capabilities [{moz:profile=C:\Users\Lenovo\AppData\Local\Temp\rust_mozprofile.v8xRPxh8HqmR, rotatable=false, timeouts={implicit=0, pageLoad=300000, script=30000}, pageLoadStrategy=normal, moz:headless=false, platform=XP, specificationLevel=0, moz:accessibilityChecks=false, acceptInsecureCerts=true, browserVersion=56.0, platformVersion=10.0, moz:processID=14752, browserName=firefox, javascriptEnabled=true, platformName=XP}]
Session ID: 5c3ce1e0-0345-48cb-9d64-9396ebf1ea87">
      <![CDATA[org.openqa.selenium.SessionNotCreatedException: Tried to run command without establishing a connection
Build info: version: '3.6.0', revision: '6fbf3ec767', time: '2017-09-27T16:15:40.131Z'
System info: host: 'LAPTOP-U7EES6NV', ip: '169.254.239.249', os.name: 'Windows 10', os.arch: 'amd64', os.version: '10.0', java.version: '1.8.0_191'
Driver info: org.openqa.selenium.firefox.FirefoxDriver
Capabilities [{moz:profile=C:\Users\Lenovo\AppData\Local\Temp\rust_mozprofile.v8xRPxh8HqmR, rotatable=false, timeouts={implicit=0, pageLoad=300000, script=30000}, pageLoadStrategy=normal, moz:headless=false, platform=XP, specificationLevel=0, moz:accessibilityChecks=false, acceptInsecureCerts=true, browserVersion=56.0, platformVersion=10.0, moz:processID=14752, browserName=firefox, javascriptEnabled=true, platformName=XP}]
Session ID: 5c3ce1e0-0345-48cb-9d64-9396ebf1ea87
at org.openqa.selenium.remote.http.W3CHttpResponseCodec.createException(W3CHttpResponseCodec.java:185)
at org.openqa.selenium.remote.http.W3CHttpResponseCodec.decode(W3CHttpResponseCodec.java:120)
at org.openqa.selenium.remote.http.W3CHttpResponseCodec.decode(W3CHttpResponseCodec.java:49)
at org.openqa.selenium.remote.HttpCommandExecutor.execute(HttpCommandExecutor.java:164)
at org.openqa.selenium.remote.service.DriverCommandExecutor.execute(DriverCommandExecutor.java:83)
at org.openqa.selenium.remote.RemoteWebDriver.execute(RemoteWebDriver.java:586)
at org.openqa.selenium.remote.RemoteWebDriver.execute(RemoteWebDriver.java:643)
at org.openqa.selenium.remote.RemoteWebDriver.quit(RemoteWebDriver.java:482)
at com.webtest.core.BaseTest.doAfterMethod(Unknown Source)
... Removed 28 stack frames]]>
    </failure>
  </testcase> <!-- @AfterClass doAfterMethod -->
  <testcase name="@BeforeClass doBeforeSuite" time="0.0" classname="com.webtest.core.BaseTest">
    <skipped/>
  </testcase> <!-- @BeforeClass doBeforeSuite -->
  <testcase name="@BeforeMethod initAction" time="0.0" classname="com.webtest.personnel.personnal_files.File_Flush_Test">
    <skipped/>
  </testcase> <!-- @BeforeMethod initAction -->
  <testcase name="@AfterClass doAfterMethod" time="0.0" classname="com.webtest.core.BaseTest">
    <skipped/>
  </testcase> <!-- @AfterClass doAfterMethod -->
  <testcase name="@BeforeClass doBeforeSuite" time="0.0" classname="com.webtest.core.BaseTest">
    <skipped/>
  </testcase> <!-- @BeforeClass doBeforeSuite -->
  <testcase name="@BeforeClass Enter" time="0.0" classname="com.webtest.xingzheng.TestPart2_zichan">
    <skipped/>
  </testcase> <!-- @BeforeClass Enter -->
  <testcase name="@AfterClass doAfterMethod" time="0.0" classname="com.webtest.core.BaseTest">
    <skipped/>
  </testcase> <!-- @AfterClass doAfterMethod -->
  <testcase name="@BeforeClass doBeforeSuite" time="0.0" classname="com.webtest.core.BaseTest">
    <skipped/>
  </testcase> <!-- @BeforeClass doBeforeSuite -->
  <testcase name="@BeforeMethod initAction" time="0.0" classname="com.webtest.personnel.personnal_files.File_Operation_Test">
    <skipped/>
  </testcase> <!-- @BeforeMethod initAction -->
  <testcase name="@BeforeMethod initAction" time="0.0" classname="com.webtest.personnel.personnal_files.File_Operation_Test">
    <skipped/>
  </testcase> <!-- @BeforeMethod initAction -->
  <testcase name="@BeforeMethod initAction" time="0.0" classname="com.webtest.personnel.personnal_files.File_Operation_Test">
    <skipped/>
  </testcase> <!-- @BeforeMethod initAction -->
  <testcase name="@AfterClass doAfterMethod" time="0.0" classname="com.webtest.core.BaseTest">
    <skipped/>
  </testcase> <!-- @AfterClass doAfterMethod -->
  <testcase name="@BeforeClass doBeforeSuite" time="0.0" classname="com.webtest.core.BaseTest">
    <skipped/>
  </testcase> <!-- @BeforeClass doBeforeSuite -->
  <testcase name="@BeforeClass enter_customer" time="0.0" classname="com.webtest.customer.test.CaoZuo_test">
    <skipped/>
  </testcase> <!-- @BeforeClass enter_customer -->
  <testcase name="@AfterClass doAfterMethod" time="0.0" classname="com.webtest.core.BaseTest">
    <skipped/>
  </testcase> <!-- @AfterClass doAfterMethod -->
  <testcase name="@BeforeClass doBeforeSuite" time="0.0" classname="com.webtest.core.BaseTest">
    <skipped/>
  </testcase> <!-- @BeforeClass doBeforeSuite -->
  <testcase name="@BeforeMethod initAction" time="0.0" classname="com.webtest.personnel.personnal_files.File_Output_Test">
    <skipped/>
  </testcase> <!-- @BeforeMethod initAction -->
  <testcase name="@BeforeMethod initAction" time="0.0" classname="com.webtest.personnel.personnal_files.File_Output_Test">
    <skipped/>
  </testcase> <!-- @BeforeMethod initAction -->
  <testcase name="@AfterClass doAfterMethod" time="0.0" classname="com.webtest.core.BaseTest">
    <skipped/>
  </testcase> <!-- @AfterClass doAfterMethod -->
  <testcase name="@BeforeClass doBeforeSuite" time="0.0" classname="com.webtest.core.BaseTest">
    <skipped/>
  </testcase> <!-- @BeforeClass doBeforeSuite -->
  <testcase name="@BeforeClass enter_customer" time="0.0" classname="com.webtest.customer.test.HighSearch_test">
    <skipped/>
  </testcase> <!-- @BeforeClass enter_customer -->
  <testcase name="@BeforeMethod enter_customer_hightsearch" time="0.0" classname="com.webtest.customer.test.HighSearch_test">
    <skipped/>
  </testcase> <!-- @BeforeMethod enter_customer_hightsearch -->
  <testcase name="@BeforeMethod enter_customer_hightsearch" time="0.0" classname="com.webtest.customer.test.HighSearch_test">
    <skipped/>
  </testcase> <!-- @BeforeMethod enter_customer_hightsearch -->
  <testcase name="@BeforeMethod enter_customer_hightsearch" time="0.0" classname="com.webtest.customer.test.HighSearch_test">
    <skipped/>
  </testcase> <!-- @BeforeMethod enter_customer_hightsearch -->
  <testcase name="@BeforeMethod enter_customer_hightsearch" time="0.0" classname="com.webtest.customer.test.HighSearch_test">
    <skipped/>
  </testcase> <!-- @BeforeMethod enter_customer_hightsearch -->
  <testcase name="@BeforeMethod enter_customer_hightsearch" time="0.0" classname="com.webtest.customer.test.HighSearch_test">
    <skipped/>
  </testcase> <!-- @BeforeMethod enter_customer_hightsearch -->
  <testcase name="@AfterClass doAfterMethod" time="0.0" classname="com.webtest.core.BaseTest">
    <skipped/>
  </testcase> <!-- @AfterClass doAfterMethod -->
  <testcase name="@BeforeClass doBeforeSuite" time="0.0" classname="com.webtest.core.BaseTest">
    <skipped/>
  </testcase> <!-- @BeforeClass doBeforeSuite -->
  <testcase name="@BeforeMethod initAction" time="0.0" classname="com.webtest.personnel.personnal_files.File_Search_Test">
    <skipped/>
  </testcase> <!-- @BeforeMethod initAction -->
  <testcase name="@AfterClass doAfterMethod" time="0.0" classname="com.webtest.core.BaseTest">
    <skipped/>
  </testcase> <!-- @AfterClass doAfterMethod -->
  <testcase name="@BeforeClass doBeforeSuite" time="0.0" classname="com.webtest.core.BaseTest">
    <skipped/>
  </testcase> <!-- @BeforeClass doBeforeSuite -->
  <testcase name="@BeforeClass enter_customer" time="0.0" classname="com.webtest.customer.test.NewCustomer_test">
    <skipped/>
  </testcase> <!-- @BeforeClass enter_customer -->
  <testcase name="@AfterClass doAfterMethod" time="0.0" classname="com.webtest.core.BaseTest">
    <skipped/>
  </testcase> <!-- @AfterClass doAfterMethod -->
  <testcase name="@BeforeClass doBeforeSuite" time="0.0" classname="com.webtest.core.BaseTest">
    <skipped/>
  </testcase> <!-- @BeforeClass doBeforeSuite -->
  <testcase name="@BeforeMethod initAction" time="0.0" classname="com.webtest.personnel.personnal_files.File_SelectStatus_Test">
    <skipped/>
  </testcase> <!-- @BeforeMethod initAction -->
  <testcase name="@AfterClass doAfterMethod" time="0.0" classname="com.webtest.core.BaseTest">
    <skipped/>
  </testcase> <!-- @AfterClass doAfterMethod -->
  <testcase name="@BeforeClass doBeforeSuite" time="0.0" classname="com.webtest.core.BaseTest">
    <skipped/>
  </testcase> <!-- @BeforeClass doBeforeSuite -->
  <testcase name="@BeforeClass login" time="0.0" classname="com.webtest.customer.test.NewCustract_test">
    <skipped/>
  </testcase> <!-- @BeforeClass login -->
  <testcase name="@AfterClass doAfterMethod" time="0.0" classname="com.webtest.core.BaseTest">
    <skipped/>
  </testcase> <!-- @AfterClass doAfterMethod -->
  <testcase name="@BeforeClass doBeforeSuite" time="0.0" classname="com.webtest.core.BaseTest">
    <skipped/>
  </testcase> <!-- @BeforeClass doBeforeSuite -->
  <testcase name="@BeforeMethod initAction" time="0.0" classname="com.webtest.personnel.personnal_files.File_Subscript_Test">
    <skipped/>
  </testcase> <!-- @BeforeMethod initAction -->
  <testcase name="@AfterClass doAfterMethod" time="0.0" classname="com.webtest.core.BaseTest">
    <skipped/>
  </testcase> <!-- @AfterClass doAfterMethod -->
  <testcase name="@BeforeClass doBeforeSuite" time="0.0" classname="com.webtest.core.BaseTest">
    <skipped/>
  </testcase> <!-- @BeforeClass doBeforeSuite -->
  <testcase name="@BeforeClass login" time="0.0" classname="com.webtest.customer.test.NewRecipt_test">
    <skipped/>
  </testcase> <!-- @BeforeClass login -->
  <testcase name="@AfterClass doAfterMethod" time="0.0" classname="com.webtest.core.BaseTest">
    <skipped/>
  </testcase> <!-- @AfterClass doAfterMethod -->
  <testcase name="@BeforeClass doBeforeSuite" time="0.0" classname="com.webtest.core.BaseTest">
    <skipped/>
  </testcase> <!-- @BeforeClass doBeforeSuite -->
  <testcase name="@BeforeMethod initAction" time="0.0" classname="com.webtest.personnel.personnal_files.Add_Test">
    <skipped/>
  </testcase> <!-- @BeforeMethod initAction -->
  <testcase name="@BeforeMethod initAction" time="0.0" classname="com.webtest.personnel.personnal_files.Add_Test">
    <skipped/>
  </testcase> <!-- @BeforeMethod initAction -->
  <testcase name="@AfterClass doAfterMethod" time="0.0" classname="com.webtest.core.BaseTest">
    <skipped/>
  </testcase> <!-- @AfterClass doAfterMethod -->
  <testcase name="@BeforeClass doBeforeSuite" time="0.0" classname="com.webtest.core.BaseTest">
    <skipped/>
  </testcase> <!-- @BeforeClass doBeforeSuite -->
  <testcase name="@BeforeClass login" time="0.0" classname="com.webtest.customer.test.NewSell_test">
    <skipped/>
  </testcase> <!-- @BeforeClass login -->
  <testcase name="@AfterClass doAfterMethod" time="0.0" classname="com.webtest.core.BaseTest">
    <skipped/>
  </testcase> <!-- @AfterClass doAfterMethod -->
  <testcase name="@BeforeClass doBeforeSuite" time="0.0" classname="com.webtest.core.BaseTest">
    <skipped/>
  </testcase> <!-- @BeforeClass doBeforeSuite -->
  <testcase name="@BeforeClass testLogin" time="0.0" classname="com.webtest.liucheng.test1">
    <skipped/>
  </testcase> <!-- @BeforeClass testLogin -->
  <testcase name="@AfterClass doAfterMethod" time="0.0" classname="com.webtest.core.BaseTest">
    <skipped/>
  </testcase> <!-- @AfterClass doAfterMethod -->
  <testcase name="@BeforeClass doBeforeSuite" time="0.0" classname="com.webtest.core.BaseTest">
    <skipped/>
  </testcase> <!-- @BeforeClass doBeforeSuite -->
  <testcase name="@BeforeClass enter_customer" time="0.0" classname="com.webtest.customer.test.Redata_test">
    <skipped/>
  </testcase> <!-- @BeforeClass enter_customer -->
  <testcase name="@AfterClass doAfterMethod" time="0.0" classname="com.webtest.core.BaseTest">
    <skipped/>
  </testcase> <!-- @AfterClass doAfterMethod -->
  <testcase name="@BeforeClass doBeforeSuite" time="0.0" classname="com.webtest.core.BaseTest">
    <skipped/>
  </testcase> <!-- @BeforeClass doBeforeSuite -->
  <testcase name="@BeforeClass testLogin" time="0.0" classname="com.webtest.liucheng.test2">
    <skipped/>
  </testcase> <!-- @BeforeClass testLogin -->
  <testcase name="@AfterClass doAfterMethod" time="0.0" classname="com.webtest.core.BaseTest">
    <skipped/>
  </testcase> <!-- @AfterClass doAfterMethod -->
  <testcase name="@BeforeClass doBeforeSuite" time="0.0" classname="com.webtest.core.BaseTest">
    <skipped/>
  </testcase> <!-- @BeforeClass doBeforeSuite -->
  <testcase name="@BeforeClass enter_custom" time="0.0" classname="com.webtest.customer.test.Search_test">
    <skipped/>
  </testcase> <!-- @BeforeClass enter_custom -->
  <testcase name="@AfterClass doAfterMethod" time="0.0" classname="com.webtest.core.BaseTest">
    <skipped/>
  </testcase> <!-- @AfterClass doAfterMethod -->
  <testcase name="@BeforeClass doBeforeSuite" time="0.0" classname="com.webtest.core.BaseTest">
    <skipped/>
  </testcase> <!-- @BeforeClass doBeforeSuite -->
  <testcase name="@BeforeClass testLogin" time="0.0" classname="com.webtest.liucheng.test3">
    <skipped/>
  </testcase> <!-- @BeforeClass testLogin -->
  <testcase name="@AfterClass doAfterMethod" time="0.0" classname="com.webtest.core.BaseTest">
    <skipped/>
  </testcase> <!-- @AfterClass doAfterMethod -->
  <testcase name="@BeforeClass doBeforeSuite" time="0.0" classname="com.webtest.core.BaseTest">
    <skipped/>
  </testcase> <!-- @BeforeClass doBeforeSuite -->
  <testcase name="@BeforeClass enter_customer" time="0.0" classname="com.webtest.customer.test.Share_Search_test">
    <skipped/>
  </testcase> <!-- @BeforeClass enter_customer -->
  <testcase name="@AfterClass doAfterMethod" time="0.0" classname="com.webtest.core.BaseTest">
    <skipped/>
  </testcase> <!-- @AfterClass doAfterMethod -->
  <testcase name="@BeforeClass doBeforeSuite" time="0.0" classname="com.webtest.core.BaseTest">
    <skipped/>
  </testcase> <!-- @BeforeClass doBeforeSuite -->
  <testcase name="@BeforeClass testLogin" time="0.0" classname="com.webtest.liucheng.test4">
    <skipped/>
  </testcase> <!-- @BeforeClass testLogin -->
  <testcase name="@AfterClass doAfterMethod" time="0.0" classname="com.webtest.core.BaseTest">
    <skipped/>
  </testcase> <!-- @AfterClass doAfterMethod -->
  <testcase name="@BeforeClass doBeforeSuite" time="0.0" classname="com.webtest.core.BaseTest">
    <skipped/>
  </testcase> <!-- @BeforeClass doBeforeSuite -->
  <testcase name="@AfterClass doAfterMethod" time="0.0" classname="com.webtest.core.BaseTest">
    <skipped/>
  </testcase> <!-- @AfterClass doAfterMethod -->
  <testcase name="@BeforeClass doBeforeSuite" time="0.0" classname="com.webtest.core.BaseTest">
    <skipped/>
  </testcase> <!-- @BeforeClass doBeforeSuite -->
  <testcase name="@BeforeClass testLogin" time="0.0" classname="com.webtest.liucheng.test5">
    <skipped/>
  </testcase> <!-- @BeforeClass testLogin -->
  <testcase name="@AfterClass doAfterMethod" time="0.0" classname="com.webtest.core.BaseTest">
    <skipped/>
  </testcase> <!-- @AfterClass doAfterMethod -->
  <testcase name="@BeforeClass doBeforeSuite" time="0.0" classname="com.webtest.core.BaseTest">
    <skipped/>
  </testcase> <!-- @BeforeClass doBeforeSuite -->
  <testcase name="@AfterClass doAfterMethod" time="0.0" classname="com.webtest.core.BaseTest">
    <skipped/>
  </testcase> <!-- @AfterClass doAfterMethod -->
  <testcase name="@BeforeClass doBeforeSuite" time="0.0" classname="com.webtest.core.BaseTest">
    <skipped/>
  </testcase> <!-- @BeforeClass doBeforeSuite -->
  <testcase name="@BeforeClass testLogin" time="0.0" classname="com.webtest.liucheng.test6">
    <skipped/>
  </testcase> <!-- @BeforeClass testLogin -->
  <testcase name="@AfterClass doAfterMethod" time="0.0" classname="com.webtest.core.BaseTest">
    <skipped/>
  </testcase> <!-- @AfterClass doAfterMethod -->
  <testcase name="@BeforeClass doBeforeSuite" time="0.0" classname="com.webtest.core.BaseTest">
    <skipped/>
  </testcase> <!-- @BeforeClass doBeforeSuite -->
  <testcase name="@AfterClass doAfterMethod" time="0.0" classname="com.webtest.core.BaseTest">
    <skipped/>
  </testcase> <!-- @AfterClass doAfterMethod -->
  <testcase name="@BeforeClass doBeforeSuite" time="0.0" classname="com.webtest.core.BaseTest">
    <skipped/>
  </testcase> <!-- @BeforeClass doBeforeSuite -->
  <testcase name="@BeforeClass doBeforeSuite" time="0.0" classname="com.webtest.core.BaseTest">
    <skipped/>
  </testcase> <!-- @BeforeClass doBeforeSuite -->
  <testcase name="@AfterClass doAfterMethod" time="0.0" classname="com.webtest.core.BaseTest">
    <skipped/>
  </testcase> <!-- @AfterClass doAfterMethod -->
  <testcase name="@AfterClass doAfterMethod" time="0.0" classname="com.webtest.core.BaseTest">
    <skipped/>
  </testcase> <!-- @AfterClass doAfterMethod -->
  <testcase name="@BeforeClass doBeforeSuite" time="0.0" classname="com.webtest.core.BaseTest">
    <skipped/>
  </testcase> <!-- @BeforeClass doBeforeSuite -->
  <testcase name="@AfterClass doAfterMethod" time="0.0" classname="com.webtest.core.BaseTest">
    <skipped/>
  </testcase> <!-- @AfterClass doAfterMethod -->
  <testcase name="@BeforeClass doBeforeSuite" time="0.0" classname="com.webtest.core.BaseTest">
    <skipped/>
  </testcase> <!-- @BeforeClass doBeforeSuite -->
  <testcase name="@AfterClass doAfterMethod" time="0.0" classname="com.webtest.core.BaseTest">
    <skipped/>
  </testcase> <!-- @AfterClass doAfterMethod -->
  <testcase name="@BeforeClass doBeforeSuite" time="0.0" classname="com.webtest.core.BaseTest">
    <skipped/>
  </testcase> <!-- @BeforeClass doBeforeSuite -->
  <testcase name="@AfterClass doAfterMethod" time="0.0" classname="com.webtest.core.BaseTest">
    <skipped/>
  </testcase> <!-- @AfterClass doAfterMethod -->
  <testcase name="@BeforeClass doBeforeSuite" time="0.0" classname="com.webtest.core.BaseTest">
    <skipped/>
  </testcase> <!-- @BeforeClass doBeforeSuite -->
  <testcase name="@AfterClass doAfterMethod" time="0.0" classname="com.webtest.core.BaseTest">
    <skipped/>
  </testcase> <!-- @AfterClass doAfterMethod -->
  <testcase name="testAdvancedSearch" time="31.261" classname="com.webtest.personnel.personnal_files.File_AdvancedSearch_Test"/>
  <testcase name="test_a1" time="12.762" classname="com.webtest.xingzheng.TestPart1_wupin">
    <failure type="org.openqa.selenium.WebDriverException" message="Failed to decode response from marionette
Build info: version: &amp;apos;3.6.0&amp;apos;, revision: &amp;apos;6fbf3ec767&amp;apos;, time: &amp;apos;2017-09-27T16:15:40.131Z&amp;apos;
System info: host: &amp;apos;LAPTOP-U7EES6NV&amp;apos;, ip: &amp;apos;169.254.239.249&amp;apos;, os.name: &amp;apos;Windows 10&amp;apos;, os.arch: &amp;apos;amd64&amp;apos;, os.version: &amp;apos;10.0&amp;apos;, java.version: &amp;apos;1.8.0_191&amp;apos;
Driver info: org.openqa.selenium.firefox.FirefoxDriver
Capabilities [{moz:profile=C:\Users\Lenovo\AppData\Local\Temp\rust_mozprofile.v8xRPxh8HqmR, rotatable=false, timeouts={implicit=0, pageLoad=300000, script=30000}, pageLoadStrategy=normal, moz:headless=false, platform=XP, specificationLevel=0, moz:accessibilityChecks=false, acceptInsecureCerts=true, browserVersion=56.0, platformVersion=10.0, moz:processID=14752, browserName=firefox, javascriptEnabled=true, platformName=XP}]
Session ID: 5c3ce1e0-0345-48cb-9d64-9396ebf1ea87
*** Element info: {Using=css selector, value=frame[name=&amp;apos;openinputiframe&amp;apos;],iframe[name=&amp;apos;openinputiframe&amp;apos;]}">
      <![CDATA[org.openqa.selenium.WebDriverException: Failed to decode response from marionette
Build info: version: '3.6.0', revision: '6fbf3ec767', time: '2017-09-27T16:15:40.131Z'
System info: host: 'LAPTOP-U7EES6NV', ip: '169.254.239.249', os.name: 'Windows 10', os.arch: 'amd64', os.version: '10.0', java.version: '1.8.0_191'
Driver info: org.openqa.selenium.firefox.FirefoxDriver
Capabilities [{moz:profile=C:\Users\Lenovo\AppData\Local\Temp\rust_mozprofile.v8xRPxh8HqmR, rotatable=false, timeouts={implicit=0, pageLoad=300000, script=30000}, pageLoadStrategy=normal, moz:headless=false, platform=XP, specificationLevel=0, moz:accessibilityChecks=false, acceptInsecureCerts=true, browserVersion=56.0, platformVersion=10.0, moz:processID=14752, browserName=firefox, javascriptEnabled=true, platformName=XP}]
Session ID: 5c3ce1e0-0345-48cb-9d64-9396ebf1ea87
*** Element info: {Using=css selector, value=frame[name='openinputiframe'],iframe[name='openinputiframe']}
at org.openqa.selenium.remote.http.W3CHttpResponseCodec.createException(W3CHttpResponseCodec.java:185)
at org.openqa.selenium.remote.http.W3CHttpResponseCodec.decode(W3CHttpResponseCodec.java:120)
at org.openqa.selenium.remote.http.W3CHttpResponseCodec.decode(W3CHttpResponseCodec.java:49)
at org.openqa.selenium.remote.HttpCommandExecutor.execute(HttpCommandExecutor.java:164)
at org.openqa.selenium.remote.service.DriverCommandExecutor.execute(DriverCommandExecutor.java:83)
at org.openqa.selenium.remote.RemoteWebDriver.execute(RemoteWebDriver.java:586)
at org.openqa.selenium.remote.RemoteWebDriver.findElements(RemoteWebDriver.java:383)
at org.openqa.selenium.remote.RemoteWebDriver.findElementsByCssSelector(RemoteWebDriver.java:454)
at org.openqa.selenium.By$ByCssSelector.findElements(By.java:441)
at org.openqa.selenium.remote.RemoteWebDriver.findElements(RemoteWebDriver.java:344)
at org.openqa.selenium.remote.RemoteWebDriver$RemoteTargetLocator.frame(RemoteWebDriver.java:918)
at com.webtest.xingzheng.TestPart1_wupin.test_a1(Unknown Source)
... Removed 28 stack frames]]>
    </failure>
  </testcase> <!-- test_a1 -->
  <testcase name="test_a2" time="3.032" classname="com.webtest.xingzheng.TestPart1_wupin"/>
  <testcase name="test_a3" time="6.096" classname="com.webtest.xingzheng.TestPart1_wupin">
    <failure type="org.openqa.selenium.SessionNotCreatedException" message="Tried to run command without establishing a connection
Build info: version: &amp;apos;3.6.0&amp;apos;, revision: &amp;apos;6fbf3ec767&amp;apos;, time: &amp;apos;2017-09-27T16:15:40.131Z&amp;apos;
System info: host: &amp;apos;LAPTOP-U7EES6NV&amp;apos;, ip: &amp;apos;169.254.239.249&amp;apos;, os.name: &amp;apos;Windows 10&amp;apos;, os.arch: &amp;apos;amd64&amp;apos;, os.version: &amp;apos;10.0&amp;apos;, java.version: &amp;apos;1.8.0_191&amp;apos;
Driver info: org.openqa.selenium.firefox.FirefoxDriver
Capabilities [{moz:profile=C:\Users\Lenovo\AppData\Local\Temp\rust_mozprofile.v8xRPxh8HqmR, rotatable=false, timeouts={implicit=0, pageLoad=300000, script=30000}, pageLoadStrategy=normal, moz:headless=false, platform=XP, specificationLevel=0, moz:accessibilityChecks=false, acceptInsecureCerts=true, browserVersion=56.0, platformVersion=10.0, moz:processID=14752, browserName=firefox, javascriptEnabled=true, platformName=XP}]
Session ID: 5c3ce1e0-0345-48cb-9d64-9396ebf1ea87">
      <![CDATA[org.openqa.selenium.SessionNotCreatedException: Tried to run command without establishing a connection
Build info: version: '3.6.0', revision: '6fbf3ec767', time: '2017-09-27T16:15:40.131Z'
System info: host: 'LAPTOP-U7EES6NV', ip: '169.254.239.249', os.name: 'Windows 10', os.arch: 'amd64', os.version: '10.0', java.version: '1.8.0_191'
Driver info: org.openqa.selenium.firefox.FirefoxDriver
Capabilities [{moz:profile=C:\Users\Lenovo\AppData\Local\Temp\rust_mozprofile.v8xRPxh8HqmR, rotatable=false, timeouts={implicit=0, pageLoad=300000, script=30000}, pageLoadStrategy=normal, moz:headless=false, platform=XP, specificationLevel=0, moz:accessibilityChecks=false, acceptInsecureCerts=true, browserVersion=56.0, platformVersion=10.0, moz:processID=14752, browserName=firefox, javascriptEnabled=true, platformName=XP}]
Session ID: 5c3ce1e0-0345-48cb-9d64-9396ebf1ea87
at org.openqa.selenium.remote.http.W3CHttpResponseCodec.createException(W3CHttpResponseCodec.java:185)
at org.openqa.selenium.remote.http.W3CHttpResponseCodec.decode(W3CHttpResponseCodec.java:120)
at org.openqa.selenium.remote.http.W3CHttpResponseCodec.decode(W3CHttpResponseCodec.java:49)
at org.openqa.selenium.remote.HttpCommandExecutor.execute(HttpCommandExecutor.java:164)
at org.openqa.selenium.remote.service.DriverCommandExecutor.execute(DriverCommandExecutor.java:83)
at org.openqa.selenium.remote.RemoteWebDriver.execute(RemoteWebDriver.java:586)
at org.openqa.selenium.remote.RemoteWebDriver.perform(RemoteWebDriver.java:652)
at org.openqa.selenium.interactions.Actions$BuiltAction.perform(Actions.java:638)
at org.openqa.selenium.interactions.Actions.perform(Actions.java:594)
at com.webtest.core.WebDriverEngine.tapClick(Unknown Source)
at com.webtest.xingzheng.TestPart1_wupin.test_a3(Unknown Source)
... Removed 28 stack frames]]>
    </failure>
  </testcase> <!-- test_a3 -->
  <testcase name="test_a4" time="3.064" classname="com.webtest.xingzheng.TestPart1_wupin">
    <failure type="org.openqa.selenium.SessionNotCreatedException" message="Tried to run command without establishing a connection
Build info: version: &amp;apos;3.6.0&amp;apos;, revision: &amp;apos;6fbf3ec767&amp;apos;, time: &amp;apos;2017-09-27T16:15:40.131Z&amp;apos;
System info: host: &amp;apos;LAPTOP-U7EES6NV&amp;apos;, ip: &amp;apos;169.254.239.249&amp;apos;, os.name: &amp;apos;Windows 10&amp;apos;, os.arch: &amp;apos;amd64&amp;apos;, os.version: &amp;apos;10.0&amp;apos;, java.version: &amp;apos;1.8.0_191&amp;apos;
Driver info: org.openqa.selenium.firefox.FirefoxDriver
Capabilities [{moz:profile=C:\Users\Lenovo\AppData\Local\Temp\rust_mozprofile.v8xRPxh8HqmR, rotatable=false, timeouts={implicit=0, pageLoad=300000, script=30000}, pageLoadStrategy=normal, moz:headless=false, platform=XP, specificationLevel=0, moz:accessibilityChecks=false, acceptInsecureCerts=true, browserVersion=56.0, platformVersion=10.0, moz:processID=14752, browserName=firefox, javascriptEnabled=true, platformName=XP}]
Session ID: 5c3ce1e0-0345-48cb-9d64-9396ebf1ea87">
      <![CDATA[org.openqa.selenium.SessionNotCreatedException: Tried to run command without establishing a connection
Build info: version: '3.6.0', revision: '6fbf3ec767', time: '2017-09-27T16:15:40.131Z'
System info: host: 'LAPTOP-U7EES6NV', ip: '169.254.239.249', os.name: 'Windows 10', os.arch: 'amd64', os.version: '10.0', java.version: '1.8.0_191'
Driver info: org.openqa.selenium.firefox.FirefoxDriver
Capabilities [{moz:profile=C:\Users\Lenovo\AppData\Local\Temp\rust_mozprofile.v8xRPxh8HqmR, rotatable=false, timeouts={implicit=0, pageLoad=300000, script=30000}, pageLoadStrategy=normal, moz:headless=false, platform=XP, specificationLevel=0, moz:accessibilityChecks=false, acceptInsecureCerts=true, browserVersion=56.0, platformVersion=10.0, moz:processID=14752, browserName=firefox, javascriptEnabled=true, platformName=XP}]
Session ID: 5c3ce1e0-0345-48cb-9d64-9396ebf1ea87
at org.openqa.selenium.remote.http.W3CHttpResponseCodec.createException(W3CHttpResponseCodec.java:185)
at org.openqa.selenium.remote.http.W3CHttpResponseCodec.decode(W3CHttpResponseCodec.java:120)
at org.openqa.selenium.remote.http.W3CHttpResponseCodec.decode(W3CHttpResponseCodec.java:49)
at org.openqa.selenium.remote.HttpCommandExecutor.execute(HttpCommandExecutor.java:164)
at org.openqa.selenium.remote.service.DriverCommandExecutor.execute(DriverCommandExecutor.java:83)
at org.openqa.selenium.remote.RemoteWebDriver.execute(RemoteWebDriver.java:586)
at org.openqa.selenium.remote.RemoteWebDriver.perform(RemoteWebDriver.java:652)
at org.openqa.selenium.interactions.Actions$BuiltAction.perform(Actions.java:638)
at org.openqa.selenium.interactions.Actions.perform(Actions.java:594)
at com.webtest.core.WebDriverEngine.tapClick(Unknown Source)
at com.webtest.xingzheng.TestPart1_wupin.test_a4(Unknown Source)
... Removed 28 stack frames]]>
    </failure>
  </testcase> <!-- test_a4 -->
  <testcase name="test_a5" time="0.033" classname="com.webtest.xingzheng.TestPart1_wupin"/>
  <testcase name="testFlush" time="0.0" classname="com.webtest.personnel.personnal_files.File_Flush_Test">
    <skipped/>
  </testcase> <!-- testFlush -->
  <testcase name="test_b1" time="0.0" classname="com.webtest.xingzheng.TestPart2_zichan">
    <skipped/>
  </testcase> <!-- test_b1 -->
  <testcase name="test_b2" time="0.0" classname="com.webtest.xingzheng.TestPart2_zichan">
    <skipped/>
  </testcase> <!-- test_b2 -->
  <testcase name="testOperatioinAddremind" time="0.0" classname="com.webtest.personnel.personnal_files.File_Operation_Test">
    <skipped/>
  </testcase> <!-- testOperatioinAddremind -->
  <testcase name="testOperationComment" time="0.0" classname="com.webtest.personnel.personnal_files.File_Operation_Test">
    <skipped/>
  </testcase> <!-- testOperationComment -->
  <testcase name="testOperationDetails" time="0.0" classname="com.webtest.personnel.personnal_files.File_Operation_Test">
    <skipped/>
  </testcase> <!-- testOperationDetails -->
  <testcase name="addReminSetting" time="0.0" classname="com.webtest.customer.test.CaoZuo_test">
    <skipped/>
  </testcase> <!-- addReminSetting -->
  <testcase name="addReminSetting" time="0.0" classname="com.webtest.customer.test.CaoZuo_test">
    <skipped/>
  </testcase> <!-- addReminSetting -->
  <testcase name="delete" time="0.0" classname="com.webtest.customer.test.CaoZuo_test">
    <skipped/>
  </testcase> <!-- delete -->
  <testcase name="detil" time="0.0" classname="com.webtest.customer.test.CaoZuo_test">
    <skipped/>
  </testcase> <!-- detil -->
  <testcase name="share" time="0.0" classname="com.webtest.customer.test.CaoZuo_test">
    <skipped/>
  </testcase> <!-- share -->
  <testcase name="testOutputAll" time="0.0" classname="com.webtest.personnel.personnal_files.File_Output_Test">
    <skipped/>
  </testcase> <!-- testOutputAll -->
  <testcase name="testOutputCurrent" time="0.0" classname="com.webtest.personnel.personnal_files.File_Output_Test">
    <skipped/>
  </testcase> <!-- testOutputCurrent -->
  <testcase name="custname" time="0.0" classname="com.webtest.customer.test.HighSearch_test">
    <skipped/>
  </testcase> <!-- custname -->
  <testcase name="htshu" time="0.0" classname="com.webtest.customer.test.HighSearch_test">
    <skipped/>
  </testcase> <!-- htshu -->
  <testcase name="mobile" time="0.0" classname="com.webtest.customer.test.HighSearch_test">
    <skipped/>
  </testcase> <!-- mobile -->
  <testcase name="moneyz" time="0.0" classname="com.webtest.customer.test.HighSearch_test">
    <skipped/>
  </testcase> <!-- moneyz -->
  <testcase name="type" time="0.0" classname="com.webtest.customer.test.HighSearch_test">
    <skipped/>
  </testcase> <!-- type -->
  <testcase name="testSearch" time="0.0" classname="com.webtest.personnel.personnal_files.File_Search_Test">
    <skipped/>
  </testcase> <!-- testSearch -->
  <testcase name="addCustomer" time="0.0" classname="com.webtest.customer.test.NewCustomer_test">
    <skipped/>
  </testcase> <!-- addCustomer -->
  <testcase name="testSelectStatus" time="0.0" classname="com.webtest.personnel.personnal_files.File_SelectStatus_Test">
    <skipped/>
  </testcase> <!-- testSelectStatus -->
  <testcase name="addAgreement" time="0.0" classname="com.webtest.customer.test.NewCustract_test">
    <skipped/>
  </testcase> <!-- addAgreement -->
  <testcase name="testSubscript" time="0.0" classname="com.webtest.personnel.personnal_files.File_Subscript_Test">
    <skipped/>
  </testcase> <!-- testSubscript -->
  <testcase name="addRecipt" time="0.0" classname="com.webtest.customer.test.NewRecipt_test">
    <skipped/>
  </testcase> <!-- addRecipt -->
  <testcase name="testAddOutRecord" time="0.0" classname="com.webtest.personnel.personnal_files.Add_Test">
    <skipped/>
  </testcase> <!-- testAddOutRecord -->
  <testcase name="testNewContract" time="0.0" classname="com.webtest.personnel.personnal_files.Add_Test">
    <skipped/>
  </testcase> <!-- testNewContract -->
  <testcase name="addSell" time="0.0" classname="com.webtest.customer.test.NewSell_test">
    <skipped/>
  </testcase> <!-- addSell -->
  <testcase name="testT" time="0.0" classname="com.webtest.liucheng.test1">
    <skipped/>
  </testcase> <!-- testT -->
  <testcase name="redata" time="0.0" classname="com.webtest.customer.test.Redata_test">
    <skipped/>
  </testcase> <!-- redata -->
  <testcase name="test1" time="0.0" classname="com.webtest.liucheng.test2">
    <skipped/>
  </testcase> <!-- test1 -->
  <testcase name="test2" time="0.0" classname="com.webtest.liucheng.test2">
    <skipped/>
  </testcase> <!-- test2 -->
  <testcase name="test3" time="0.0" classname="com.webtest.liucheng.test2">
    <skipped/>
  </testcase> <!-- test3 -->
  <testcase name="test4" time="0.0" classname="com.webtest.liucheng.test2">
    <skipped/>
  </testcase> <!-- test4 -->
  <testcase name="test5" time="0.0" classname="com.webtest.liucheng.test2">
    <skipped/>
  </testcase> <!-- test5 -->
  <testcase name="test6" time="0.0" classname="com.webtest.liucheng.test2">
    <skipped/>
  </testcase> <!-- test6 -->
  <testcase name="Search" time="0.0" classname="com.webtest.customer.test.Search_test">
    <skipped/>
  </testcase> <!-- Search -->
  <testcase name="test1" time="0.0" classname="com.webtest.liucheng.test3">
    <skipped/>
  </testcase> <!-- test1 -->
  <testcase name="test2" time="0.0" classname="com.webtest.liucheng.test3">
    <skipped/>
  </testcase> <!-- test2 -->
  <testcase name="share_search" time="0.0" classname="com.webtest.customer.test.Share_Search_test">
    <skipped/>
  </testcase> <!-- share_search -->
  <testcase name="test1" time="0.0" classname="com.webtest.liucheng.test4">
    <skipped/>
  </testcase> <!-- test1 -->
  <testcase name="testSearch" time="0.0" classname="com.webtest.renwu.pingfen">
    <skipped/>
  </testcase> <!-- testSearch -->
  <testcase name="test" time="0.0" classname="com.webtest.liucheng.test5">
    <skipped/>
  </testcase> <!-- test -->
  <testcase name="testSearch" time="0.0" classname="com.webtest.renwu.rank">
    <skipped/>
  </testcase> <!-- testSearch -->
  <testcase name="test" time="0.0" classname="com.webtest.liucheng.test6">
    <skipped/>
  </testcase> <!-- test -->
  <testcase name="testSearch" time="0.0" classname="com.webtest.renwu.sousuo">
    <skipped/>
  </testcase> <!-- testSearch -->
  <testcase name="login4" time="0.0" classname="com.webtest.xinhu_personal.Addnotice_time">
    <skipped/>
  </testcase> <!-- login4 -->
  <testcase name="testSearch" time="0.0" classname="com.webtest.renwu.xinjian">
    <skipped/>
  </testcase> <!-- testSearch -->
  <testcase name="enterNotice" time="0.0" classname="com.webtest.xinhu_personal.Addnotice_time">
    <skipped/>
  </testcase> <!-- enterNotice -->
  <testcase name="testTime" time="0.0" classname="com.webtest.xinhu_personal.Addnotice_time">
    <skipped/>
  </testcase> <!-- testTime -->
  <testcase name="login2" time="0.0" classname="com.webtest.xinhu_personal.Addnotice">
    <skipped/>
  </testcase> <!-- login2 -->
  <testcase name="enterNotice" time="0.0" classname="com.webtest.xinhu_personal.Addnotice">
    <skipped/>
  </testcase> <!-- enterNotice -->
  <testcase name="addNotice" time="0.0" classname="com.webtest.xinhu_personal.Addnotice">
    <skipped/>
  </testcase> <!-- addNotice -->
  <testcase name="login1" time="0.0" classname="com.webtest.xinhu_personal.AddrList">
    <skipped/>
  </testcase> <!-- login1 -->
  <testcase name="addrList" time="0.0" classname="com.webtest.xinhu_personal.AddrList">
    <skipped/>
  </testcase> <!-- addrList -->
  <testcase name="searchList" time="0.001" classname="com.webtest.xinhu_personal.AddrList">
    <skipped/>
  </testcase> <!-- searchList -->
  <testcase name="openBrower" time="0.0" classname="com.webtest.xinhu_personal.Login">
    <skipped/>
  </testcase> <!-- openBrower -->
  <testcase name="login" time="0.0" classname="com.webtest.xinhu_personal.Login">
    <skipped/>
  </testcase> <!-- login -->
  <testcase name="loginsuccess" time="0.0" classname="com.webtest.xinhu_personal.Login">
    <skipped/>
  </testcase> <!-- loginsuccess -->
  <testcase name="login3" time="0.0" classname="com.webtest.xinhu_personal.ReInfor">
    <skipped/>
  </testcase> <!-- login3 -->
  <testcase name="enterInfor" time="0.0" classname="com.webtest.xinhu_personal.ReInfor">
    <skipped/>
  </testcase> <!-- enterInfor -->
  <testcase name="reInfor1" time="0.0" classname="com.webtest.xinhu_personal.ReInfor">
    <skipped/>
  </testcase> <!-- reInfor1 -->
  <testcase name="reInfor2" time="0.0" classname="com.webtest.xinhu_personal.ReInfor">
    <skipped/>
  </testcase> <!-- reInfor2 -->
</testsuite> <!-- personnel -->
